<?xml version="1.0" encoding="UTF-8"?>
<testng-results ignored="0" total="1" passed="1" failed="0" skipped="0">
  <reporter-output>
  </reporter-output>
  <suite started-at="2023-06-20T19:51:19 IST" name="Default suite" finished-at="2023-06-20T19:53:42 IST" duration-ms="143119">
    <groups>
    </groups>
    <test started-at="2023-06-20T19:51:19 IST" name="Default test" finished-at="2023-06-20T19:53:42 IST" duration-ms="143119">
      <class name="com.Basic.Basicclass">
        <test-method is-config="true" signature="condigdriver()[pri:0, instance:com.Basic.Basicclass@d9345cd]" started-at="2023-06-20T19:51:19 IST" name="condigdriver" finished-at="2023-06-20T19:51:46 IST" duration-ms="26777" status="PASS">
          <reporter-output>
          </reporter-output>
        </test-method> <!-- condigdriver -->
        <test-method signature="Appiumtest()[pri:0, instance:com.Basic.Basicclass@d9345cd]" started-at="2023-06-20T19:51:46 IST" name="Appiumtest" finished-at="2023-06-20T19:53:42 IST" duration-ms="116284" status="PASS">
          <reporter-output>
          </reporter-output>
        </test-method> <!-- Appiumtest -->
      </class> <!-- com.Basic.Basicclass -->
    </test> <!-- Default test -->
  </suite> <!-- Default suite -->
</testng-results>
